2024-05-15 12:43:37,959, DEBUG, This is a debug message
2024-05-15 12:43:37,959, INFO, This is an info message
2024-05-15 12:43:37,959, WARNING, This is a warning message
2024-05-15 12:43:37,959, ERROR, This is an error message
2024-05-15 12:43:37,959, CRITICAL, This is a critical message
2024-05-15 12:43:37,963, DEBUG, This is a debug message
2024-05-15 12:43:37,964, INFO, This is an info message
2024-05-15 12:43:37,964, WARNING, This is a warning message
2024-05-15 12:43:37,964, ERROR, This is an error message
2024-05-15 12:43:37,964, CRITICAL, This is a critical message
2024-05-15 12:53:00,900, DEBUG, This is a debug message
2024-05-15 12:53:00,900, INFO, This is an info message
2024-05-15 12:53:00,901, WARNING, This is a warning message
2024-05-15 12:53:00,901, ERROR, This is an error message
2024-05-15 12:53:00,901, CRITICAL, This is a critical message
2024-05-15 12:53:00,905, DEBUG, This is a debug message
2024-05-15 12:53:00,905, INFO, This is an info message
2024-05-15 12:53:00,905, WARNING, This is a warning message
2024-05-15 12:53:00,905, ERROR, This is an error message
2024-05-15 12:53:00,905, CRITICAL, This is a critical message
2024-05-15 12:53:00,917, INFO, Function execution completed
2024-05-15 12:53:00,919, ERROR, Error reading mawndb configuration: %s
Traceback (most recent call last):
  File "C:\Users\mwangija\data_file\ewx_utils\ewx_utils\db_files\configfile.py", line 36, in config_mawndb
    raise Exception('Section {0} not found in the {1} file'.format(section, filename))
Exception: Section mawndb not found in the c:/Users/mwangija/data_file/mwangija_missing_data/database.ini file
2024-05-15 12:54:39,139, DEBUG, This is a debug message
2024-05-15 12:54:39,139, INFO, This is an info message
2024-05-15 12:54:39,139, WARNING, This is a warning message
2024-05-15 12:54:39,139, ERROR, This is an error message
2024-05-15 12:54:39,139, CRITICAL, This is a critical message
2024-05-15 12:54:39,140, DEBUG, This is a debug message
2024-05-15 12:54:39,141, INFO, This is an info message
2024-05-15 12:54:39,141, WARNING, This is a warning message
2024-05-15 12:54:39,141, ERROR, This is an error message
2024-05-15 12:54:39,141, CRITICAL, This is a critical message
2024-05-15 12:54:39,148, INFO, Function execution completed
2024-05-15 12:54:39,150, ERROR, Error reading mawndb configuration: %s
Traceback (most recent call last):
  File "C:\Users\mwangija\data_file\ewx_utils\ewx_utils\db_files\configfile.py", line 36, in config_mawndb
    raise Exception('Section {0} not found in the {1} file'.format(section, filename))
Exception: Section mawndb not found in the c:/Users/mwangija/data_file/mwangija_missing_data/database.ini file
2024-05-15 12:57:01,060, DEBUG, This is a debug message
2024-05-15 12:57:01,060, INFO, This is an info message
2024-05-15 12:57:01,060, WARNING, This is a warning message
2024-05-15 12:57:01,060, ERROR, This is an error message
2024-05-15 12:57:01,060, CRITICAL, This is a critical message
2024-05-15 12:57:01,062, DEBUG, This is a debug message
2024-05-15 12:57:01,062, INFO, This is an info message
2024-05-15 12:57:01,062, WARNING, This is a warning message
2024-05-15 12:57:01,062, ERROR, This is an error message
2024-05-15 12:57:01,062, CRITICAL, This is a critical message
2024-05-15 12:57:01,070, INFO, Function execution completed
2024-05-15 12:57:01,072, ERROR, Error reading mawndb configuration: %s
Traceback (most recent call last):
  File "C:\Users\mwangija\data_file\ewx_utils\ewx_utils\db_files\configfile.py", line 36, in config_mawndb
    raise Exception('Section {0} not found in the {1} file'.format(section, filename))
Exception: Section mawndb not found in the c:/Users/mwangija/data_file/mwangija_missing_data/database.ini file
2024-05-15 13:12:14,867, DEBUG, This is a debug message
2024-05-15 13:12:14,867, INFO, This is an info message
2024-05-15 13:12:14,867, WARNING, This is a warning message
2024-05-15 13:12:14,867, ERROR, This is an error message
2024-05-15 13:12:14,867, CRITICAL, This is a critical message
2024-05-15 13:12:14,870, DEBUG, This is a debug message
2024-05-15 13:12:14,870, INFO, This is an info message
2024-05-15 13:12:14,870, WARNING, This is a warning message
2024-05-15 13:12:14,870, ERROR, This is an error message
2024-05-15 13:12:14,870, CRITICAL, This is a critical message
2024-05-15 13:12:14,875, INFO, Function execution completed
2024-05-15 13:12:14,876, ERROR, Error reading mawndb configuration: %s
Traceback (most recent call last):
  File "C:\Users\mwangija\data_file\ewx_utils\ewx_utils\db_files\configfile.py", line 36, in config_mawndb
    raise Exception('Section {0} not found in the {1} file'.format(section, filename))
Exception: Section mawndb not found in the c:/Users/mwangija/data_file/mwangija_missing_data/database.ini file
2024-05-15 14:43:00,093, DEBUG, This is a debug message
2024-05-15 14:43:00,094, INFO, This is an info message
2024-05-15 14:43:00,094, WARNING, This is a warning message
2024-05-15 14:43:00,094, ERROR, This is an error message
2024-05-15 14:43:00,094, CRITICAL, This is a critical message
2024-05-15 14:43:00,098, DEBUG, This is a debug message
2024-05-15 14:43:00,098, INFO, This is an info message
2024-05-15 14:43:00,098, WARNING, This is a warning message
2024-05-15 14:43:00,098, ERROR, This is an error message
2024-05-15 14:43:00,098, CRITICAL, This is a critical message
2024-05-15 14:43:23,051, DEBUG, This is a debug message
2024-05-15 14:43:23,051, INFO, This is an info message
2024-05-15 14:43:23,051, WARNING, This is a warning message
2024-05-15 14:43:23,051, ERROR, This is an error message
2024-05-15 14:43:23,051, CRITICAL, This is a critical message
2024-05-15 14:43:23,052, DEBUG, This is a debug message
2024-05-15 14:43:23,052, INFO, This is an info message
2024-05-15 14:43:23,052, WARNING, This is a warning message
2024-05-15 14:43:23,053, ERROR, This is an error message
2024-05-15 14:43:23,053, CRITICAL, This is a critical message
2024-05-15 14:43:23,063, INFO, Function execution completed
2024-05-15 14:43:23,065, DEBUG, db_info returned successfully
2024-05-15 14:43:23,305, INFO, Successfully connected to mawndb
2024-05-15 14:43:23,305, INFO, Mawndb cursor connection successfully established
2024-05-15 14:48:37,770, DEBUG, This is a debug message
2024-05-15 14:48:37,770, INFO, This is an info message
2024-05-15 14:48:37,770, WARNING, This is a warning message
2024-05-15 14:48:37,770, ERROR, This is an error message
2024-05-15 14:48:37,770, CRITICAL, This is a critical message
2024-05-15 14:48:37,772, DEBUG, This is a debug message
2024-05-15 14:48:37,772, INFO, This is an info message
2024-05-15 14:48:37,772, WARNING, This is a warning message
2024-05-15 14:48:37,772, ERROR, This is an error message
2024-05-15 14:48:37,772, CRITICAL, This is a critical message
2024-05-15 14:48:37,778, INFO, Function execution completed
2024-05-15 14:48:37,779, DEBUG, db_info returned successfully
2024-05-15 14:48:38,061, INFO, Successfully connected to mawndb
2024-05-15 14:48:38,061, INFO, Mawndb cursor connection successfully established
2024-05-15 14:48:38,145, INFO, Successfully connected to mawndb_qc
2024-05-15 14:48:38,145, INFO, Mawnqcl cursor connection successfully established
2024-05-16 15:59:40,854, DEBUG, This is a debug message
2024-05-16 15:59:40,854, INFO, This is an info message
2024-05-16 15:59:40,854, WARNING, This is a warning message
2024-05-16 15:59:40,854, ERROR, This is an error message
2024-05-16 15:59:40,854, CRITICAL, This is a critical message
2024-05-16 15:59:40,854, DEBUG, db_info returned successfully
2024-05-16 15:59:40,854, DEBUG, This is a debug message
2024-05-16 15:59:40,854, INFO, This is an info message
2024-05-16 15:59:40,854, WARNING, This is a warning message
2024-05-16 15:59:40,854, ERROR, This is an error message
2024-05-16 15:59:40,854, CRITICAL, This is a critical message
2024-05-16 15:59:40,879, INFO, Function execution completed
2024-05-16 15:59:40,880, DEBUG, db_info returned successfully
2024-05-16 15:59:42,929, ERROR, Error Connecting to Mawndb Database: connection to server at "127.0.0.1", port 15503 failed: Connection refused (0x0000274D/10061)
	Is the server running on that host and accepting TCP/IP connections?

2024-05-16 15:59:42,929, ERROR, Error establishing mawndb cursor connection: 'NoneType' object has no attribute 'cursor'
2024-05-16 16:02:13,167, DEBUG, This is a debug message
2024-05-16 16:02:13,167, INFO, This is an info message
2024-05-16 16:02:13,167, WARNING, This is a warning message
2024-05-16 16:02:13,167, ERROR, This is an error message
2024-05-16 16:02:13,167, CRITICAL, This is a critical message
2024-05-16 16:02:13,169, DEBUG, db_info returned successfully
2024-05-16 16:02:13,172, DEBUG, This is a debug message
2024-05-16 16:02:13,172, INFO, This is an info message
2024-05-16 16:02:13,172, WARNING, This is a warning message
2024-05-16 16:02:13,172, ERROR, This is an error message
2024-05-16 16:02:13,172, CRITICAL, This is a critical message
2024-05-16 16:02:13,182, INFO, Function execution completed
2024-05-16 16:02:13,187, DEBUG, db_info returned successfully
2024-05-16 16:02:13,233, INFO, Successfully connected to mawndb
2024-05-16 16:02:13,234, INFO, Mawndb cursor connection successfully established
2024-05-16 16:02:13,791, INFO, Successfully connected to mawndb_qc
2024-05-16 16:02:13,791, INFO, Mawnqcl cursor connection successfully established
2024-05-16 16:02:13,944, INFO, Successfully connected to mawndb_qc
2024-05-16 16:02:13,944, INFO, Mawnqcl cursor connection successfully established
2024-05-17 12:20:54,964, DEBUG, This is a debug message
2024-05-17 12:20:54,965, INFO, This is an info message
2024-05-17 12:20:54,965, WARNING, This is a warning message
2024-05-17 12:20:54,965, ERROR, This is an error message
2024-05-17 12:20:54,965, CRITICAL, This is a critical message
2024-05-17 12:20:54,968, DEBUG, db_info returned successfully
2024-05-17 12:20:55,005, DEBUG, This is a debug message
2024-05-17 12:20:55,005, INFO, This is an info message
2024-05-17 12:20:55,005, WARNING, This is a warning message
2024-05-17 12:20:55,005, ERROR, This is an error message
2024-05-17 12:20:55,005, CRITICAL, This is a critical message
2024-05-17 12:20:55,039, INFO, Function execution completed
2024-05-17 12:20:55,042, DEBUG, db_info returned successfully
2024-05-17 12:20:55,088, INFO, Successfully connected to mawndb
2024-05-17 12:20:55,089, INFO, Mawndb cursor connection successfully established
2024-05-17 12:20:55,196, INFO, Successfully connected to mawndb_qc
2024-05-17 12:20:55,196, INFO, Mawnqcl cursor connection successfully established
2024-05-17 12:20:55,249, INFO, Successfully connected to mawndb_qc
2024-05-17 12:20:55,249, INFO, Mawnqcl cursor connection successfully established
2024-05-20 15:44:24,627, DEBUG, This is a debug message
2024-05-20 15:44:24,628, INFO, This is an info message
2024-05-20 15:44:24,628, WARNING, This is a warning message
2024-05-20 15:44:24,628, ERROR, This is an error message
2024-05-20 15:44:24,628, CRITICAL, This is a critical message
2024-05-20 15:44:24,629, DEBUG, db_info returned successfully
2024-05-20 15:44:24,655, DEBUG, This is a debug message
2024-05-20 15:44:24,655, INFO, This is an info message
2024-05-20 15:44:24,655, WARNING, This is a warning message
2024-05-20 15:44:24,655, ERROR, This is an error message
2024-05-20 15:44:24,656, CRITICAL, This is a critical message
2024-05-20 16:07:43,243, DEBUG, This is a debug message
2024-05-20 16:07:43,243, INFO, This is an info message
2024-05-20 16:07:43,243, WARNING, This is a warning message
2024-05-20 16:07:43,243, ERROR, This is an error message
2024-05-20 16:07:43,243, CRITICAL, This is a critical message
2024-05-20 16:07:43,243, DEBUG, db_info returned successfully
2024-05-20 16:07:43,264, DEBUG, This is a debug message
2024-05-20 16:07:43,264, INFO, This is an info message
2024-05-20 16:07:43,264, WARNING, This is a warning message
2024-05-20 16:07:43,265, ERROR, This is an error message
2024-05-20 16:07:43,265, CRITICAL, This is a critical message
2024-05-20 16:11:46,309, DEBUG, This is a debug message
2024-05-20 16:11:46,309, INFO, This is an info message
2024-05-20 16:11:46,309, WARNING, This is a warning message
2024-05-20 16:11:46,309, ERROR, This is an error message
2024-05-20 16:11:46,309, CRITICAL, This is a critical message
2024-05-20 16:11:46,310, DEBUG, db_info returned successfully
2024-05-20 16:11:46,310, DEBUG, db_info returned successfully
2024-05-20 16:11:46,351, INFO, Successfully connected to mawndb
2024-05-20 16:11:46,352, INFO, Mawndb cursor connection successfully established
2024-05-20 16:24:51,471, DEBUG, This is a debug message
2024-05-20 16:24:51,471, INFO, This is an info message
2024-05-20 16:24:51,471, WARNING, This is a warning message
2024-05-20 16:24:51,471, ERROR, This is an error message
2024-05-20 16:24:51,471, CRITICAL, This is a critical message
2024-05-20 16:24:51,473, DEBUG, db_info returned successfully
2024-05-28 09:39:19,274 - 'DEBUG - ewx_logger - debug message
2024-05-28 09:39:19,275 - 'INFO - ewx_logger - info message
2024-05-28 09:39:19,277 - 'WARNING - ewx_logger - warn message
2024-05-28 09:39:19,277 - 'ERROR - ewx_logger - error message
2024-05-28 09:39:19,277 - 'CRITICAL - ewx_logger - critical message
2024-05-28 10:07:49,892 - 'DEBUG - ewx_logger - debug message
2024-05-28 10:07:49,892 - 'INFO - ewx_logger - info message
2024-05-28 10:07:49,894 - 'WARNING - ewx_logger - warn message
2024-05-28 10:07:49,896 - 'ERROR - ewx_logger - error message
2024-05-28 10:07:49,898 - 'CRITICAL - ewx_logger - critical message
2024-05-28 10:12:16,319 - 'DEBUG - ewx_logger - debug message
2024-05-28 10:12:16,320 - 'INFO - ewx_logger - info message
2024-05-28 10:12:16,321 - 'WARNING - ewx_logger - warn message
2024-05-28 10:12:16,321 - 'ERROR - ewx_logger - error message
2024-05-28 10:12:16,322 - 'CRITICAL - ewx_logger - critical message
2024-05-28 10:15:49,489 - 'DEBUG - ewx_logger - debug message
2024-05-28 10:15:49,490 - 'INFO - ewx_logger - info message
2024-05-28 10:15:49,491 - 'WARNING - ewx_logger - warn message
2024-05-28 10:15:49,491 - 'ERROR - ewx_logger - error message
2024-05-28 10:15:49,491 - 'CRITICAL - ewx_logger - critical message
2024-05-28 10:18:15,966 - 'DEBUG - ewx_logger - debug message
2024-05-28 10:18:15,967 - 'INFO - ewx_logger - info message
2024-05-28 10:18:15,968 - 'WARNING - ewx_logger - warn message
2024-05-28 10:18:15,968 - 'ERROR - ewx_logger - error message
2024-05-28 10:18:15,968 - 'CRITICAL - ewx_logger - critical message
